0 info it worked if it ends with ok
1 verbose cli [ '/usr/local/bin/iojs',
1 verbose cli   '/usr/local/bin/npm',
1 verbose cli   'publish',
1 verbose cli   '--verbose' ]
2 info using npm@2.7.1
3 info using node@v1.6.2
4 verbose publish [ '.' ]
5 silly cache add args [ '.', null ]
6 verbose cache add spec .
7 silly cache add parsed spec { raw: '.',
7 silly cache add   scope: null,
7 silly cache add   name: null,
7 silly cache add   rawSpec: '.',
7 silly cache add   spec: '/root/lesses',
7 silly cache add   type: 'directory' }
8 verbose addLocalDirectory /root/.npm/lesses/0.0.7/package.tgz not in flight; packing
9 verbose tar pack [ '/root/.npm/lesses/0.0.7/package.tgz', '/root/lesses' ]
10 verbose tarball /root/.npm/lesses/0.0.7/package.tgz
11 verbose folder /root/lesses
12 info prepublish lesses@0.0.7
13 verbose addLocalTarball adding from inside cache /root/.npm/lesses/0.0.7/package.tgz
14 silly cache afterAdd lesses@0.0.7
15 verbose afterAdd /root/.npm/lesses/0.0.7/package/package.json not in flight; writing
16 verbose afterAdd /root/.npm/lesses/0.0.7/package/package.json written
17 silly publish { name: 'lesses',
17 silly publish   version: '0.0.7',
17 silly publish   description: 'Useful less mixin',
17 silly publish   main: 'index.js',
17 silly publish   scripts:
17 silly publish    { test: 'echo "Error: no test specified" && exit 1',
17 silly publish      readme: 'pretty-readme > readme.md',
17 silly publish      build: 'npm run build-html && npm run build-css',
17 silly publish      'build-css': 'lessc example/main.less > example/style.css',
17 silly publish      'build-html': 'jade -P -p node_modules/jade-gist/. < example/index.jade > example/index.html' },
17 silly publish   author: { name: 'chunpu' },
17 silly publish   license: 'ISC',
17 silly publish   dependencies: { 'jade-gist': '^1.0.5' },
17 silly publish   readme: 'lesses\n===\n\n[![NPM version][npm-image]][npm-url]\n[![Downloads][downloads-image]][downloads-url]\n[![Dependency Status][david-image]][david-url]\n[npm-image]: https://img.shields.io/npm/v/lesses.svg?style=flat-square\n[npm-url]: https://npmjs.org/package/lesses\n[downloads-image]: http://img.shields.io/npm/dm/lesses.svg?style=flat-square\n[downloads-url]: https://npmjs.org/package/lesses\n[david-image]: http://img.shields.io/david/chunpu/lesses.svg?style=flat-square\n[david-url]: https://david-dm.org/chunpu/lesses\n\n\nUseful less mixin\n\nInstallation\n---\n\n```sh\nnpm i lesses\n```\n\nUsage\n---\n\n```less\n@import "mixin/all";\n```\n\nMixin\n---\n\n- `.clearfix`\n- `.size`\n- `.font-size`\n- `.color`\n- `.color-reverse`\n- `.opacity`\n\nNotice\n---\n\nlesses do nothing about autoprefixer, only old ie and w3c\n\nLicense\n---\n\n[![License][license-image]][license-url]\n\n[license-image]: http://img.shields.io/npm/l/lesses.svg?style=flat-square\n[license-url]: #\n',
17 silly publish   readmeFilename: 'readme.md',
17 silly publish   gitHead: '13e7f3a80ba096cfa746f3a96b4aa4a3017569ad',
17 silly publish   _id: 'lesses@0.0.7',
17 silly publish   _shasum: 'fe7900b6046b9aff4ed11b9499d43b65951b19a3',
17 silly publish   _from: '.' }
18 silly mapToRegistry name lesses
19 silly mapToRegistry using default registry
20 silly mapToRegistry registry https://registry.npmjs.org/
21 silly mapToRegistry uri https://registry.npmjs.org/lesses
22 verbose publish registryBase https://registry.npmjs.org/
23 silly publish uploading /root/.npm/lesses/0.0.7/package.tgz
24 verbose request uri https://registry.npmjs.org/lesses
25 verbose request sending authorization for write operation
26 info attempt registry request try #1 at 10:51:46
27 verbose request id 0f7cc8a3bcd93150
28 http request PUT https://registry.npmjs.org/lesses
29 http 409 https://registry.npmjs.org/lesses
30 verbose headers { date: 'Wed, 08 Apr 2015 02:52:01 GMT',
30 verbose headers   server: 'Apache',
30 verbose headers   'content-type': 'application/json',
30 verbose headers   'cache-control': 'max-age=60',
30 verbose headers   'content-length': '17',
30 verbose headers   'accept-ranges': 'bytes',
30 verbose headers   via: '1.1 varnish',
30 verbose headers   'x-served-by': 'cache-hkg6823-HKG',
30 verbose headers   'x-cache': 'MISS',
30 verbose headers   'x-cache-hits': '0',
30 verbose headers   'x-timer': 'S1428461520.834302,VS0,VE679',
30 verbose headers   'keep-alive': 'timeout=10, max=50',
30 verbose headers   connection: 'Keep-Alive' }
31 verbose request invalidating /root/.npm/registry.npmjs.org/lesses on PUT
32 verbose request uri https://registry.npmjs.org/lesses?write=true
33 verbose request no auth needed
34 info attempt registry request try #1 at 10:52:01
35 http request GET https://registry.npmjs.org/lesses?write=true
36 http 200 https://registry.npmjs.org/lesses?write=true
37 verbose stack Error: cannot modify pre-existing version
37 verbose stack     at conflictError (/usr/local/lib/node_modules/npm/node_modules/npm-registry-client/lib/publish.js:184:11)
37 verbose stack     at CachingRegistryClient.putNext (/usr/local/lib/node_modules/npm/node_modules/npm-registry-client/lib/publish.js:147:15)
37 verbose stack     at /usr/local/lib/node_modules/npm/node_modules/npm-registry-client/lib/publish.js:129:15
37 verbose stack     at /usr/local/lib/node_modules/npm/lib/cache/caching-client.js:52:8
37 verbose stack     at f (/usr/local/lib/node_modules/npm/node_modules/once/once.js:17:25)
37 verbose stack     at /usr/local/lib/node_modules/npm/node_modules/npm-registry-client/lib/request.js:73:16
37 verbose stack     at f (/usr/local/lib/node_modules/npm/node_modules/once/once.js:17:25)
37 verbose stack     at CachingRegistryClient.<anonymous> (/usr/local/lib/node_modules/npm/node_modules/npm-registry-client/lib/request.js:262:12)
37 verbose stack     at Request._callback (/usr/local/lib/node_modules/npm/node_modules/npm-registry-client/lib/request.js:178:14)
37 verbose stack     at Request.self.callback (/usr/local/lib/node_modules/npm/node_modules/request/request.js:344:22)
38 verbose pkgid lesses
39 verbose cwd /root/lesses
40 error Linux 3.13.0-36-generic
41 error argv "/usr/local/bin/iojs" "/usr/local/bin/npm" "publish" "--verbose"
42 error node v1.6.2
43 error npm  v2.7.1
44 error code EPUBLISHCONFLICT
45 error publish fail Cannot publish over existing version.
45 error publish fail Update the 'version' field in package.json and try again.
45 error publish fail
45 error publish fail To automatically increment version numbers, see:
45 error publish fail     npm help version
46 verbose exit [ 1, true ]
